16907
99339
146252
87875
55010
63186
126284
135184
43435
69432
33674
129986
168239
4647
18402
46743
107665
14958
171762
3293
3243
84459
7579
91039
166764
98768
76197
128334
39202
31060
33315
25583
7696
22685
142980
75854
25049
113236
80463
21515
97421
171036
36569
13387
21916
159327
109587
134043
18042
169959
132760
76494
89483
35272
170562
43014
62246
44829
80532
36284
39914
34080
142501
37968
42859
76142
119319
19736
161934
52216
141746
16948
140876
17292
37920
23010
121659
106287
75917
86333
8061
72073
171067
105640
17628
38104
133205
20613
8938
106358
41739
23345
53148
21046
154007
60664
102643
104489
137435
136088
13142
55042
53880
169971
44300
40073
126710
9025
152945
114755
89360
122879
155667
28835
142504
6466
94265
154275
63122
117169
31949
156544
106958
41483
117794
142980
41392
71826
68170
74817
9989
73608
8473
60931
50733
116514
51669
91959
152973
134314
102665
89925
12599
44823
119800
134347
112724
152923
55457
118776
29343
77549
133281
107992
121042
59705
108967
2151
6551
89371
48413
104466
95673
93837
17093
163873
11394
48067
74462
53813
120443
12646
7212
72911
129228
104352
41927
68479
130752
55306
77495
46643
55599
81897
35468
88864
120319
96777
137672
97349
35173
24917
112405
17378
105807
68294
17819
15766
77590
100361
162602
167289
69724
150101
63175
161070
18020
15438
56379
144397
172637
32766
93721
5310
134322
103622
100030
28841
71937
23752
46233
47414
70498
57078
91167
21425
73919
130686
61968
103854
56155
58894
32860
30170
45041
31674
161271
52290
161135
80387
52411
97142
50032
48771
26863
116574
85238
9528
150751
101158
77123
103509
102988
71704
119547
70979
114168
46694
93668
62101
127155
61236
89957
76721
162171
163975
170861
144843
62780
95210
57051
99100
94887
12262
44098
109521
18770
135386
169959
48891
156984
80298
96986
88263
93906
162478
94524
172295
57728
57129
57277
56683
152101
83443
24623
54912
104797
106792
151839
160632
7076
60689
52323
14404
15536
39792
54245
151553
39009
18451
11252
144583
62663
11288
121640
98802
27822
60711
68617
85239
124054
7726
22485
158593
73608
22810
115498
162383
51223
69383
18359
31671
67889
173934
137881
160047
130629
110831
93131
71915
123884
99109
122220
6487
117427
169221
13813
27117
152909
38816
26352
23409
31744
101937
170045
78428
18352
42065
169463
25908
86798
159726
24668
109436
41336
102408
159721
4634
21782
125493
21579
20096
156800
56789
160937
72583
43248
50187
66710
171026
145425
25838
23471
84153
170597
14078
18787
104810
112730
67993
60869
70217
157517
82411
63679
26246
134478
65833
14862
86287
79980
101823
90713
50585
158906
130151
18000
62678
67499
4174
55382
42854
144474
65684
42279
64043
158410
4428
70582
26523
35005
64538
163873
49736
6595
11199
171999
45961
133029
94909
142980
2915
81589
134474
24035
167314
19238
152013
157706
114394
126916
40901
51665
39914
130782
29194
118901
139099
61899
42972
23742
92337
49630
61779
70247
126787
58273
16236
55628
104985
6740
69974
50928
109626
28391
127335
98891
118315
59279
90129
84146
22941
89002
170281
104632
17833
55127
87300
26337
40730
4198
27949
51804
130292
100829
39840
16800
119834
55180
14626
75839
129541
135288
14517
13021
134322
71037
13306
67752
80240
99481
116212
60842
83817
75926
21200
80540
67462
18228
154737
35582
72073
5680
36489
92878
82390
31496
57376
151829
32294
14698
30587
95221
157335
55106
62308
32152
86995
29644
95504
22707
84717
107116
170824
67419
161591
64683
15502
67367
12101
11859
89682
101226
13294
111117
171762
67423
53390
34366
78742
107189
146844
76085
123631
62228
41801
19008
15125
107051
115686
8868
12410
137391
73647
60664
97890
29905
90129
41308
146826
8677
40153
58540
141371
43305
38997
144583
9572
94524
110831
10877
171754
112088
44248
154564
57225
131416
57129
43028
57999
49765
132376
22484
55380
163157
120347
122435
59928
15569
71316
74018
44362
75112
36665
75775
147671
9370
3413
81695
52037
78084
29679
171789
96226
92037
136692
130686
83029
82119
171546
164549
33487
2602
160085
150101
92558
52736
25203
145889
161271
76390
67671
152580
142178
120628
12571
106308
14294
171806
37285
91859
98564
82603
66899
170449
117059
83800
78261
98935
98321
78427
52288
93623
116040
26834
53469
152580
56382
135102
72261
14968
23095
42804
115758
101131
103977
11559
125861
27573
108799
6301
41066
154737
119022
82765
89699
110813
39264
41108
38314
42323
96252
80546
5602
53390
40416
8356
38864
55350
137958
2731
93503
51894
135854
31486
106349
71872
169971
168722
98039
83205
118041
71667
43316
46237
135923
5102
33298
32733
150101
170003
69426
142026
29214
23880
79912
43251
17605
103584
96082
14581
48142
171546
2073
121522
9764
110294
81437
38304
70080
75566
169149
59540
67443
100892
25708
5102
16588
172295
107479
89565
149453
63648
65790
130910
162774
54759
69513
86547
50147
96295
76429
44607
70276
8542
16459
13245
37848
20296
28357
154773
132894
8245
20810
86540
57725
41530
34697
9416
17333
18356
142434
21833
71871
122892
48571
22159
99011
102710
103497
70399
68800
169569
141543
166764
84736
7863
23178
95396
19296
157517
170951
129554
167314
6436
35736
59336
45253
81059
123284
107298
91088
114217
17270
131096
17629
142691
87825
52751
147832
71240
53123
12828
76093
96688
60235
50478
118106
16058
110143
89274
44466
146295
26701
128153
98264
7909
17891
113542
67951
72608
36785
33279
3392
124301
132338
81896
147121
27194
13429
134478
120270
57990
90523
152711
145711
118041
128249
141326
47203
106625
58361
157385
145363
68949
98768
50465
82029
162232
133552
75443
45533
62049
110782
31536
70401
13658
39258
53553
57796
76724
158350
52344
6844
71901
33413
158322
120624
76048
12133
53874
105593
100073
116398
72088
132730
81963
7944
137140
51852
83437
119051
22953
141364
2638
58703
14949
40551
10693
108382
160085
112622
87836
3358
43614
106358
59540
32836
90924
56715
44178
145363
150248
6921
23153
16403
55887
68111
31233
79720
65414
74544
107162
102111
31465
68083
51725
45605
22168
25165
139072
9097
97619
100299
40217
69546
167314
142714
140876
50816
13432
97023
75012
125142
100092
1911
105818
5740
27730
148909
68543
153940
92988
62817
27536
55628
96760
28567
109263
38118
69229
26451
121659
60183
16870
141825
43627
172637
16383
26493
61923
164089
100137
48128
73873
115690
94582
108323
54553
124280
101865
118041
39668
105629
92935
159672
55625
171077
71703
20973
43218
29348
1864
59518
56590
170649
56477
138518
46303
156469
